2019-11-21 14:20:03.485 [main] INFO  com.course.Application - Starting Application v1.0-SNAPSHOT on huangwz with PID 57708 (D:\muke\AutoTest\Chapter13\target\AutoTest3-1.0-SNAPSHOT.jar started by huangwz1990 in D:\muke\AutoTest\Chapter13\target)
2019-11-21 14:20:03.545 [main] INFO  com.course.Application - No active profile set, falling back to default profiles: default
2019-11-21 14:20:03.896 [main] INFO  o.s.boot.context.embedded.AnnotationConfigEmbeddedWebApplicationContext - Refreshing org.springframework.boot.context.embedded.AnnotationConfigEmbeddedWebApplicationContext@1963006a: startup date [Thu Nov 21 14:20:03 CST 2019]; root of context hierarchy
2019-11-21 14:20:07.707 [main] WARN  org.mybatis.spring.mapper.ClassPathMapperScanner - No MyBatis mapper was found in '[com.course]' package. Please check your configuration.
2019-11-21 14:20:08.957 [main] INFO  o.s.context.support.PostProcessorRegistrationDelegate$BeanPostProcessorChecker - Bean 'org.springframework.transaction.annotation.ProxyTransactionManagementConfiguration' of type [org.springframework.transaction.annotation.ProxyTransactionManagementConfiguration$$EnhancerBySpringCGLIB$$b0174653] is not eligible for getting processed by all BeanPostProcessors (for example: not eligible for auto-proxying)
2019-11-21 14:20:10.093 [main] INFO  org.springframework.boot.context.embedded.tomcat.TomcatEmbeddedServletContainer - Tomcat initialized with port(s): 8899 (http)
2019-11-21 14:20:10.125 [main] INFO  org.apache.catalina.core.StandardService - Starting service Tomcat
2019-11-21 14:20:10.129 [main] INFO  org.apache.catalina.core.StandardEngine - Starting Servlet Engine: Apache Tomcat/8.5.14
2019-11-21 14:20:10.484 [localhost-startStop-1] INFO  org.apache.catalina.core.ContainerBase.[Tomcat].[localhost].[/] - Initializing Spring embedded WebApplicationContext
2019-11-21 14:20:10.486 [localhost-startStop-1] INFO  org.springframework.web.context.ContextLoader - Root WebApplicationContext: initialization completed in 6590 ms
2019-11-21 14:20:11.119 [localhost-startStop-1] INFO  org.springframework.boot.web.servlet.ServletRegistrationBean - Mapping servlet: 'dispatcherServlet' to [/]
2019-11-21 14:20:11.136 [localhost-startStop-1] INFO  org.springframework.boot.web.servlet.FilterRegistrationBean - Mapping filter: 'characterEncodingFilter' to: [/*]
2019-11-21 14:20:11.138 [localhost-startStop-1] INFO  org.springframework.boot.web.servlet.FilterRegistrationBean - Mapping filter: 'hiddenHttpMethodFilter' to: [/*]
2019-11-21 14:20:11.139 [localhost-startStop-1] INFO  org.springframework.boot.web.servlet.FilterRegistrationBean - Mapping filter: 'httpPutFormContentFilter' to: [/*]
2019-11-21 14:20:11.144 [localhost-startStop-1] INFO  org.springframework.boot.web.servlet.FilterRegistrationBean - Mapping filter: 'requestContextFilter' to: [/*]
2019-11-21 14:20:14.287 [main] INFO  o.springframework.web.servlet.mvc.method.annotation.RequestMappingHandlerMapping - Mapped "{[/v1/getUserInfo],methods=[POST]}" onto public java.util.List<com.course.model.User> com.course.controller.UserManager.getUserInfo(javax.servlet.http.HttpServletRequest,com.course.model.User)
2019-11-21 14:20:14.293 [main] INFO  o.springframework.web.servlet.mvc.method.annotation.RequestMappingHandlerMapping - Mapped "{[/v1/addUser],methods=[POST]}" onto public boolean com.course.controller.UserManager.addUser(javax.servlet.http.HttpServletRequest,com.course.model.User)
2019-11-21 14:20:14.294 [main] INFO  o.springframework.web.servlet.mvc.method.annotation.RequestMappingHandlerMapping - Mapped "{[/v1/login],methods=[POST]}" onto public java.lang.Boolean com.course.controller.UserManager.login(javax.servlet.http.HttpServletResponse,com.course.model.User)
2019-11-21 14:20:14.296 [main] INFO  o.springframework.web.servlet.mvc.method.annotation.RequestMappingHandlerMapping - Mapped "{[/v1/updateUserInfo],methods=[POST]}" onto public int com.course.controller.UserManager.updateUser(javax.servlet.http.HttpServletRequest,com.course.model.User)
2019-11-21 14:20:14.303 [main] INFO  o.springframework.web.servlet.mvc.method.annotation.RequestMappingHandlerMapping - Mapped "{[/v2/api-docs],methods=[GET],produces=[application/json || application/hal+json]}" onto public org.springframework.http.ResponseEntity<springfox.documentation.spring.web.json.Json> springfox.documentation.swagger2.web.Swagger2Controller.getDocumentation(java.lang.String,javax.servlet.http.HttpServletRequest)
2019-11-21 14:20:14.313 [main] INFO  o.springframework.web.servlet.mvc.method.annotation.RequestMappingHandlerMapping - Mapped "{[/swagger-resources]}" onto org.springframework.http.ResponseEntity<java.util.List<springfox.documentation.swagger.web.SwaggerResource>> springfox.documentation.swagger.web.ApiResourceController.swaggerResources()
2019-11-21 14:20:14.319 [main] INFO  o.springframework.web.servlet.mvc.method.annotation.RequestMappingHandlerMapping - Mapped "{[/swagger-resources/configuration/ui]}" onto org.springframework.http.ResponseEntity<springfox.documentation.swagger.web.UiConfiguration> springfox.documentation.swagger.web.ApiResourceController.uiConfiguration()
2019-11-21 14:20:14.338 [main] INFO  o.springframework.web.servlet.mvc.method.annotation.RequestMappingHandlerMapping - Mapped "{[/swagger-resources/configuration/security]}" onto org.springframework.http.ResponseEntity<springfox.documentation.swagger.web.SecurityConfiguration> springfox.documentation.swagger.web.ApiResourceController.securityConfiguration()
2019-11-21 14:20:14.350 [main] INFO  o.springframework.web.servlet.mvc.method.annotation.RequestMappingHandlerMapping - Mapped "{[/error]}" onto public org.springframework.http.ResponseEntity<java.util.Map<java.lang.String, java.lang.Object>> org.springframework.boot.autoconfigure.web.BasicErrorController.error(javax.servlet.http.HttpServletRequest)
2019-11-21 14:20:14.355 [main] INFO  o.springframework.web.servlet.mvc.method.annotation.RequestMappingHandlerMapping - Mapped "{[/error],produces=[text/html]}" onto public org.springframework.web.servlet.ModelAndView org.springframework.boot.autoconfigure.web.BasicErrorController.errorHtml(javax.servlet.http.HttpServletRequest,javax.servlet.http.HttpServletResponse)
2019-11-21 14:20:15.247 [main] INFO  o.springframework.web.servlet.mvc.method.annotation.RequestMappingHandlerAdapter - Looking for @ControllerAdvice: org.springframework.boot.context.embedded.AnnotationConfigEmbeddedWebApplicationContext@1963006a: startup date [Thu Nov 21 14:20:03 CST 2019]; root of context hierarchy
2019-11-21 14:20:15.545 [main] INFO  org.springframework.web.servlet.handler.SimpleUrlHandlerMapping - Mapped URL path [/webjars/**] onto handler of type [class org.springframework.web.servlet.resource.ResourceHttpRequestHandler]
2019-11-21 14:20:15.546 [main] INFO  org.springframework.web.servlet.handler.SimpleUrlHandlerMapping - Mapped URL path [/**] onto handler of type [class org.springframework.web.servlet.resource.ResourceHttpRequestHandler]
2019-11-21 14:20:15.651 [main] INFO  org.springframework.web.servlet.handler.SimpleUrlHandlerMapping - Mapped URL path [/**/favicon.ico] onto handler of type [class org.springframework.web.servlet.resource.ResourceHttpRequestHandler]
2019-11-21 14:20:16.417 [main] INFO  org.springframework.jmx.export.annotation.AnnotationMBeanExporter - Registering beans for JMX exposure on startup
2019-11-21 14:20:16.442 [main] INFO  org.springframework.context.support.DefaultLifecycleProcessor - Starting beans in phase 2147483647
2019-11-21 14:20:16.460 [main] INFO  springfox.documentation.spring.web.plugins.DocumentationPluginsBootstrapper - Context refreshed
2019-11-21 14:20:16.594 [main] INFO  springfox.documentation.spring.web.plugins.DocumentationPluginsBootstrapper - Found 1 custom documentation plugin(s)
2019-11-21 14:20:16.664 [main] INFO  springfox.documentation.spring.web.scanners.ApiListingReferenceScanner - Scanning for api listing references
2019-11-21 14:20:17.703 [main] ERROR org.apache.coyote.http11.Http11NioProtocol - Failed to start end point associated with ProtocolHandler ["http-nio-8899"]
java.net.BindException: Address already in use: bind
	at sun.nio.ch.Net.bind0(Native Method)
	at sun.nio.ch.Net.bind(Net.java:433)
	at sun.nio.ch.Net.bind(Net.java:425)
	at sun.nio.ch.ServerSocketChannelImpl.bind(ServerSocketChannelImpl.java:223)
	at sun.nio.ch.ServerSocketAdaptor.bind(ServerSocketAdaptor.java:74)
	at org.apache.tomcat.util.net.NioEndpoint.bind(NioEndpoint.java:210)
	at org.apache.tomcat.util.net.AbstractEndpoint.start(AbstractEndpoint.java:978)
	at org.apache.coyote.AbstractProtocol.start(AbstractProtocol.java:628)
	at org.apache.catalina.connector.Connector.startInternal(Connector.java:993)
	at org.apache.catalina.util.LifecycleBase.start(LifecycleBase.java:150)
	at org.apache.catalina.core.StandardService.addConnector(StandardService.java:225)
	at org.springframework.boot.context.embedded.tomcat.TomcatEmbeddedServletContainer.addPreviouslyRemovedConnectors(TomcatEmbeddedServletContainer.java:247)
	at org.springframework.boot.context.embedded.tomcat.TomcatEmbeddedServletContainer.start(TomcatEmbeddedServletContainer.java:190)
	at org.springframework.boot.context.embedded.EmbeddedWebApplicationContext.startEmbeddedServletContainer(EmbeddedWebApplicationContext.java:297)
	at org.springframework.boot.context.embedded.EmbeddedWebApplicationContext.finishRefresh(EmbeddedWebApplicationContext.java:145)
	at org.springframework.context.support.AbstractApplicationContext.refresh(AbstractApplicationContext.java:545)
	at org.springframework.boot.context.embedded.EmbeddedWebApplicationContext.refresh(EmbeddedWebApplicationContext.java:122)
	at org.springframework.boot.SpringApplication.refresh(SpringApplication.java:737)
	at org.springframework.boot.SpringApplication.refreshContext(SpringApplication.java:370)
	at org.springframework.boot.SpringApplication.run(SpringApplication.java:314)
	at org.springframework.boot.SpringApplication.run(SpringApplication.java:1162)
	at org.springframework.boot.SpringApplication.run(SpringApplication.java:1151)
	at com.course.Application.main(Application.java:11)
	at sun.reflect.NativeMethodAccessorImpl.invoke0(Native Method)
	at sun.reflect.NativeMethodAccessorImpl.invoke(NativeMethodAccessorImpl.java:62)
	at sun.reflect.DelegatingMethodAccessorImpl.invoke(DelegatingMethodAccessorImpl.java:43)
	at java.lang.reflect.Method.invoke(Method.java:498)
	at org.springframework.boot.loader.MainMethodRunner.run(MainMethodRunner.java:48)
	at org.springframework.boot.loader.Launcher.launch(Launcher.java:87)
	at org.springframework.boot.loader.Launcher.launch(Launcher.java:50)
	at org.springframework.boot.loader.JarLauncher.main(JarLauncher.java:51)
2019-11-21 14:20:17.706 [main] ERROR org.apache.catalina.core.StandardService - Failed to start connector [Connector[HTTP/1.1-8899]]
org.apache.catalina.LifecycleException: Failed to start component [Connector[HTTP/1.1-8899]]
	at org.apache.catalina.util.LifecycleBase.start(LifecycleBase.java:167)
	at org.apache.catalina.core.StandardService.addConnector(StandardService.java:225)
	at org.springframework.boot.context.embedded.tomcat.TomcatEmbeddedServletContainer.addPreviouslyRemovedConnectors(TomcatEmbeddedServletContainer.java:247)
	at org.springframework.boot.context.embedded.tomcat.TomcatEmbeddedServletContainer.start(TomcatEmbeddedServletContainer.java:190)
	at org.springframework.boot.context.embedded.EmbeddedWebApplicationContext.startEmbeddedServletContainer(EmbeddedWebApplicationContext.java:297)
	at org.springframework.boot.context.embedded.EmbeddedWebApplicationContext.finishRefresh(EmbeddedWebApplicationContext.java:145)
	at org.springframework.context.support.AbstractApplicationContext.refresh(AbstractApplicationContext.java:545)
	at org.springframework.boot.context.embedded.EmbeddedWebApplicationContext.refresh(EmbeddedWebApplicationContext.java:122)
	at org.springframework.boot.SpringApplication.refresh(SpringApplication.java:737)
	at org.springframework.boot.SpringApplication.refreshContext(SpringApplication.java:370)
	at org.springframework.boot.SpringApplication.run(SpringApplication.java:314)
	at org.springframework.boot.SpringApplication.run(SpringApplication.java:1162)
	at org.springframework.boot.SpringApplication.run(SpringApplication.java:1151)
	at com.course.Application.main(Application.java:11)
	at sun.reflect.NativeMethodAccessorImpl.invoke0(Native Method)
	at sun.reflect.NativeMethodAccessorImpl.invoke(NativeMethodAccessorImpl.java:62)
	at sun.reflect.DelegatingMethodAccessorImpl.invoke(DelegatingMethodAccessorImpl.java:43)
	at java.lang.reflect.Method.invoke(Method.java:498)
	at org.springframework.boot.loader.MainMethodRunner.run(MainMethodRunner.java:48)
	at org.springframework.boot.loader.Launcher.launch(Launcher.java:87)
	at org.springframework.boot.loader.Launcher.launch(Launcher.java:50)
	at org.springframework.boot.loader.JarLauncher.main(JarLauncher.java:51)
Caused by: org.apache.catalina.LifecycleException: service.getName(): "Tomcat";  Protocol handler start failed
	at org.apache.catalina.connector.Connector.startInternal(Connector.java:1000)
	at org.apache.catalina.util.LifecycleBase.start(LifecycleBase.java:150)
	... 21 common frames omitted
Caused by: java.net.BindException: Address already in use: bind
	at sun.nio.ch.Net.bind0(Native Method)
	at sun.nio.ch.Net.bind(Net.java:433)
	at sun.nio.ch.Net.bind(Net.java:425)
	at sun.nio.ch.ServerSocketChannelImpl.bind(ServerSocketChannelImpl.java:223)
	at sun.nio.ch.ServerSocketAdaptor.bind(ServerSocketAdaptor.java:74)
	at org.apache.tomcat.util.net.NioEndpoint.bind(NioEndpoint.java:210)
	at org.apache.tomcat.util.net.AbstractEndpoint.start(AbstractEndpoint.java:978)
	at org.apache.coyote.AbstractProtocol.start(AbstractProtocol.java:628)
	at org.apache.catalina.connector.Connector.startInternal(Connector.java:993)
	... 22 common frames omitted
2019-11-21 14:20:17.763 [main] INFO  org.apache.catalina.core.StandardService - Stopping service Tomcat
2019-11-21 14:20:17.868 [main] INFO  o.s.boot.autoconfigure.logging.AutoConfigurationReportLoggingInitializer - 

Error starting ApplicationContext. To display the auto-configuration report re-run your application with 'debug' enabled.
2019-11-21 14:20:17.883 [main] ERROR org.springframework.boot.diagnostics.LoggingFailureAnalysisReporter - 

***************************
APPLICATION FAILED TO START
***************************

Description:

The Tomcat connector configured to listen on port 8899 failed to start. The port may already be in use or the connector may be misconfigured.

Action:

Verify the connector's configuration, identify and stop any process that's listening on port 8899, or configure this application to listen on another port.

2019-11-21 14:20:17.887 [main] INFO  o.s.boot.context.embedded.AnnotationConfigEmbeddedWebApplicationContext - Closing org.springframework.boot.context.embedded.AnnotationConfigEmbeddedWebApplicationContext@1963006a: startup date [Thu Nov 21 14:20:03 CST 2019]; root of context hierarchy
2019-11-21 14:20:17.891 [main] INFO  org.springframework.context.support.DefaultLifecycleProcessor - Stopping beans in phase 2147483647
2019-11-21 14:20:17.904 [main] INFO  org.springframework.jmx.export.annotation.AnnotationMBeanExporter - Unregistering JMX-exposed beans on shutdown
